<?xml version="1.0" encoding="UTF-8"?>
<TestRun id="91c6fe77-a99f-4745-ae5a-751f6862c5c1" name="Admin@ADMIN-KOMPUTER 2012-05-23 14:07:49" runUser="Admin-Komputer\Admin" xmlns="http://microsoft.com/schemas/VisualStudio/TeamTest/2010">
  <TestSettings name="Local" id="1dc8fbb8-15f3-49ac-a2c5-a77e39de2a4f">
    <Description>These are default test settings for a local test run.</Description>
    <Deployment enabled="false" runDeploymentRoot="Admin_ADMIN-KOMPUTER 2012-05-23 14_07_49">
      <DeploymentItem filename="C:\Users\Admin\documents\visual studio 2010\Projects\EF_ZMTdbConnection\EF_ZMTdbContent\bin\Debug\EF_ZMTdbContent.dll" />
      <DeploymentItem filename="D:\c#\Moq.dll" />
      <DeploymentItem filename="C:\Users\Admin\documents\visual studio 2010\Projects\ZMTFixedAssets\ZMTFixedAssets\bin\Debug\FixedAssets.dll" />
      <DeploymentItem filename="C:\Users\Admin\documents\visual studio 2010\Projects\ZMTFixedAssets\ZMTFixedAssets\bin\Debug\ZMTFixedAssets.dll" />
      <DeploymentItem filename="C:\Users\Admin\documents\visual studio 2010\Projects\EF_ZMTdbConnection\EF_ZMTdbEntities\bin\Debug\EF_ZMTdbEntities.dll" />
    </Deployment>
    <Execution>
      <TestTypeSpecific />
      <AgentRule name="Execution Agents">
      </AgentRule>
    </Execution>
  </TestSettings>
  <Times creation="2012-05-23T14:07:49.6907603+02:00" queuing="2012-05-23T14:07:49.8311605+02:00" start="2012-05-23T14:07:49.8779606+02:00" finish="2012-05-23T14:07:50.9855626+02:00" />
  <ResultSummary outcome="Completed">
    <Counters total="1" executed="1" passed="1" error="0" failed="0" timeout="0" aborted="0" inconclusive="0" passedButRunAborted="0" notRunnable="0" notExecuted="0" disconnected="0" warning="0" completed="0" inProgress="0" pending="0" />
  </ResultSummary>
  <TestDefinitions>
    <UnitTest name="GetLicencesByLastModifiedDateAndRangeDates" storage="c:\users\admin\documents\visual studio 2010\projects\zmtfixedassets\zmtfixedassetstestproject\bin\debug\zmtfixedassetstestproject.dll" id="44258936-46fd-bad6-ebb0-c7585625cceb">
      <Execution id="45ff03d5-be45-4d5c-b4c0-795ddbcd0a4a" />
      <TestMethod codeBase="C:/Users/Admin/documents/visual studio 2010/Projects/ZMTFixedAssets/ZMTFixedAssetsTestProject/bin/Debug/ZMTFixedAssetsTestProject.DLL" adapterTypeName="Microsoft.VisualStudio.TestTools.TestTypes.Unit.UnitTestAdapter, Microsoft.VisualStudio.QualityTools.Tips.UnitTest.Adapter, Version=10.0.0.0, Culture=neutral, PublicKeyToken=b03f5f7f11d50a3a" className="ZMTFixedAssetsTestProject.LicenceTest, ZMTFixedAssetsTestProject, Version=1.0.0.0, Culture=neutral, PublicKeyToken=null" name="GetLicencesByLastModifiedDateAndRangeDates" />
    </UnitTest>
  </TestDefinitions>
  <TestLists>
    <TestList name="Results Not in a List" id="8c84fa94-04c1-424b-9868-57a2d4851a1d" />
    <TestList name="All Loaded Results" id="19431567-8539-422a-85d7-44ee4e166bda" />
  </TestLists>
  <TestEntries>
    <TestEntry testId="44258936-46fd-bad6-ebb0-c7585625cceb" executionId="45ff03d5-be45-4d5c-b4c0-795ddbcd0a4a" testListId="8c84fa94-04c1-424b-9868-57a2d4851a1d" />
  </TestEntries>
  <Results>
    <UnitTestResult executionId="45ff03d5-be45-4d5c-b4c0-795ddbcd0a4a" testId="44258936-46fd-bad6-ebb0-c7585625cceb" testName="GetLicencesByLastModifiedDateAndRangeDates" computerName="ADMIN-KOMPUTER" duration="00:00:00.4444506" startTime="2012-05-23T14:07:49.9247607+02:00" endTime="2012-05-23T14:07:50.9543625+02:00" testType="13cdc9d9-ddb5-4fa4-a97d-d965ccfc6d4b" outcome="Passed" testListId="8c84fa94-04c1-424b-9868-57a2d4851a1d" relativeResultsDirectory="45ff03d5-be45-4d5c-b4c0-795ddbcd0a4a">
    </UnitTestResult>
  </Results>
</TestRun>