<?xml version="1.0" encoding="UTF-8"?>
<TestRun id="32a52674-c389-46dc-9d94-7b84b6af9cee" name="Admin@ADMIN-KOMPUTER 2012-05-23 13:17:11" runUser="Admin-Komputer\Admin" xmlns="http://microsoft.com/schemas/VisualStudio/TeamTest/2010">
  <TestSettings name="Local" id="1dc8fbb8-15f3-49ac-a2c5-a77e39de2a4f">
    <Description>These are default test settings for a local test run.</Description>
    <Deployment enabled="false" runDeploymentRoot="Admin_ADMIN-KOMPUTER 2012-05-23 13_17_11">
      <DeploymentItem filename="C:\Users\Admin\documents\visual studio 2010\Projects\EF_ZMTdbConnection\EF_ZMTdbContent\bin\Debug\EF_ZMTdbContent.dll" />
      <DeploymentItem filename="D:\c#\Moq.dll" />
      <DeploymentItem filename="C:\Users\Admin\documents\visual studio 2010\Projects\ZMTFixedAssets\ZMTFixedAssets\bin\Debug\FixedAssets.dll" />
      <DeploymentItem filename="C:\Users\Admin\documents\visual studio 2010\Projects\ZMTFixedAssets\ZMTFixedAssets\bin\Debug\ZMTFixedAssets.dll" />
      <DeploymentItem filename="C:\Users\Admin\documents\visual studio 2010\Projects\EF_ZMTdbConnection\EF_ZMTdbEntities\bin\Debug\EF_ZMTdbEntities.dll" />
    </Deployment>
    <Execution>
      <TestTypeSpecific />
      <AgentRule name="Execution Agents">
      </AgentRule>
    </Execution>
  </TestSettings>
  <Times creation="2012-05-23T13:17:11.0741268+02:00" queuing="2012-05-23T13:17:11.2271356+02:00" start="2012-05-23T13:17:11.2841389+02:00" finish="2012-05-23T13:17:12.4712067+02:00" />
  <ResultSummary outcome="Completed">
    <Counters total="3" executed="3" passed="3" error="0" failed="0" timeout="0" aborted="0" inconclusive="0" passedButRunAborted="0" notRunnable="0" notExecuted="0" disconnected="0" warning="0" completed="0" inProgress="0" pending="0" />
  </ResultSummary>
  <TestDefinitions>
    <UnitTest name="GetLicenceByIdOrInvNumber" storage="c:\users\admin\documents\visual studio 2010\projects\zmtfixedassets\zmtfixedassetstestproject\bin\debug\zmtfixedassetstestproject.dll" id="ea37af5b-54ae-5653-1ccf-1fd7f5fcbcbf">
      <Execution id="4c40f4ec-2e38-41a0-8d7d-59502cee41f9" />
      <TestMethod codeBase="C:/Users/Admin/documents/visual studio 2010/Projects/ZMTFixedAssets/ZMTFixedAssetsTestProject/bin/Debug/ZMTFixedAssetsTestProject.DLL" adapterTypeName="Microsoft.VisualStudio.TestTools.TestTypes.Unit.UnitTestAdapter, Microsoft.VisualStudio.QualityTools.Tips.UnitTest.Adapter, Version=10.0.0.0, Culture=neutral, PublicKeyToken=b03f5f7f11d50a3a" className="ZMTFixedAssetsTestProject.LicenceTest, ZMTFixedAssetsTestProject, Version=1.0.0.0, Culture=neutral, PublicKeyToken=null" name="GetLicenceByIdOrInvNumber" />
    </UnitTest>
    <UnitTest name="CountAndGetAllLicences" storage="c:\users\admin\documents\visual studio 2010\projects\zmtfixedassets\zmtfixedassetstestproject\bin\debug\zmtfixedassetstestproject.dll" id="a46df559-408c-92bf-dc8c-81949d634593">
      <Execution id="24d9b2f2-4f0e-4b33-85fc-b81a95efe0f1" />
      <TestMethod codeBase="C:/Users/Admin/documents/visual studio 2010/Projects/ZMTFixedAssets/ZMTFixedAssetsTestProject/bin/Debug/ZMTFixedAssetsTestProject.DLL" adapterTypeName="Microsoft.VisualStudio.TestTools.TestTypes.Unit.UnitTestAdapter, Microsoft.VisualStudio.QualityTools.Tips.UnitTest.Adapter, Version=10.0.0.0, Culture=neutral, PublicKeyToken=b03f5f7f11d50a3a" className="ZMTFixedAssetsTestProject.LicenceTest, ZMTFixedAssetsTestProject, Version=1.0.0.0, Culture=neutral, PublicKeyToken=null" name="CountAndGetAllLicences" />
    </UnitTest>
    <UnitTest name="GetLicencesBySerialNumber_FixedAssetId_LicenceNumber_Name" storage="c:\users\admin\documents\visual studio 2010\projects\zmtfixedassets\zmtfixedassetstestproject\bin\debug\zmtfixedassetstestproject.dll" id="5b4aa470-5126-e090-b9a6-57edbb5519e8">
      <Execution id="50e70284-efc1-486f-b89d-e8ffbd60b574" />
      <TestMethod codeBase="C:/Users/Admin/documents/visual studio 2010/Projects/ZMTFixedAssets/ZMTFixedAssetsTestProject/bin/Debug/ZMTFixedAssetsTestProject.DLL" adapterTypeName="Microsoft.VisualStudio.TestTools.TestTypes.Unit.UnitTestAdapter, Microsoft.VisualStudio.QualityTools.Tips.UnitTest.Adapter, Version=10.0.0.0, Culture=neutral, PublicKeyToken=b03f5f7f11d50a3a" className="ZMTFixedAssetsTestProject.LicenceTest, ZMTFixedAssetsTestProject, Version=1.0.0.0, Culture=neutral, PublicKeyToken=null" name="GetLicencesBySerialNumber_FixedAssetId_LicenceNumber_Name" />
    </UnitTest>
  </TestDefinitions>
  <TestLists>
    <TestList name="Results Not in a List" id="8c84fa94-04c1-424b-9868-57a2d4851a1d" />
    <TestList name="All Loaded Results" id="19431567-8539-422a-85d7-44ee4e166bda" />
  </TestLists>
  <TestEntries>
    <TestEntry testId="5b4aa470-5126-e090-b9a6-57edbb5519e8" executionId="50e70284-efc1-486f-b89d-e8ffbd60b574" testListId="8c84fa94-04c1-424b-9868-57a2d4851a1d" />
    <TestEntry testId="a46df559-408c-92bf-dc8c-81949d634593" executionId="24d9b2f2-4f0e-4b33-85fc-b81a95efe0f1" testListId="8c84fa94-04c1-424b-9868-57a2d4851a1d" />
    <TestEntry testId="ea37af5b-54ae-5653-1ccf-1fd7f5fcbcbf" executionId="4c40f4ec-2e38-41a0-8d7d-59502cee41f9" testListId="8c84fa94-04c1-424b-9868-57a2d4851a1d" />
  </TestEntries>
  <Results>
    <UnitTestResult executionId="50e70284-efc1-486f-b89d-e8ffbd60b574" testId="5b4aa470-5126-e090-b9a6-57edbb5519e8" testName="GetLicencesBySerialNumber_FixedAssetId_LicenceNumber_Name" computerName="ADMIN-KOMPUTER" duration="00:00:00.4445616" startTime="2012-05-23T13:17:11.3381419+02:00" endTime="2012-05-23T13:17:12.3852018+02:00" testType="13cdc9d9-ddb5-4fa4-a97d-d965ccfc6d4b" outcome="Passed" testListId="8c84fa94-04c1-424b-9868-57a2d4851a1d" relativeResultsDirectory="50e70284-efc1-486f-b89d-e8ffbd60b574">
    </UnitTestResult>
    <UnitTestResult executionId="24d9b2f2-4f0e-4b33-85fc-b81a95efe0f1" testId="a46df559-408c-92bf-dc8c-81949d634593" testName="CountAndGetAllLicences" computerName="ADMIN-KOMPUTER" duration="00:00:00.0051012" startTime="2012-05-23T13:17:12.3922022+02:00" endTime="2012-05-23T13:17:12.4052030+02:00" testType="13cdc9d9-ddb5-4fa4-a97d-d965ccfc6d4b" outcome="Passed" testListId="8c84fa94-04c1-424b-9868-57a2d4851a1d" relativeResultsDirectory="24d9b2f2-4f0e-4b33-85fc-b81a95efe0f1">
    </UnitTestResult>
    <UnitTestResult executionId="4c40f4ec-2e38-41a0-8d7d-59502cee41f9" testId="ea37af5b-54ae-5653-1ccf-1fd7f5fcbcbf" testName="GetLicenceByIdOrInvNumber" computerName="ADMIN-KOMPUTER" duration="00:00:00.0130871" startTime="2012-05-23T13:17:12.4112033+02:00" endTime="2012-05-23T13:17:12.4312045+02:00" testType="13cdc9d9-ddb5-4fa4-a97d-d965ccfc6d4b" outcome="Passed" testListId="8c84fa94-04c1-424b-9868-57a2d4851a1d" relativeResultsDirectory="4c40f4ec-2e38-41a0-8d7d-59502cee41f9">
    </UnitTestResult>
  </Results>
</TestRun>