<?xml version="1.0" encoding="UTF-8"?>
<TestRun id="04261c78-fefd-45a5-bfd0-3a81d67a7728" name="Admin@ADMIN-KOMPUTER 2012-05-30 13:51:48" runUser="Admin-Komputer\Admin" xmlns="http://microsoft.com/schemas/VisualStudio/TeamTest/2010">
  <TestSettings name="Local" id="1dc8fbb8-15f3-49ac-a2c5-a77e39de2a4f">
    <Description>These are default test settings for a local test run.</Description>
    <Deployment enabled="false" runDeploymentRoot="Admin_ADMIN-KOMPUTER 2012-05-30 13_51_48">
      <DeploymentItem filename="C:\Users\Admin\Documents\Visual Studio 2010\Projects\ZMTFixedAssets\ZMTFixedAssets\bin\Debug\FixedAssets.dll" />
      <DeploymentItem filename="C:\Users\Admin\Documents\Visual Studio 2010\Projects\ZMTFixedAssets\ZMTFixedAssets\bin\Debug\ZMTFixedAssets.dll" />
      <DeploymentItem filename="C:\Users\Admin\Documents\Visual Studio 2010\Projects\EF_ZMTdbConnection\EF_ZMTdbContent\bin\Debug\EF_ZMTdbContent.dll" />
      <DeploymentItem filename="C:\Users\Admin\Documents\Visual Studio 2010\Projects\EF_ZMTdbConnection\EF_ZMTdbEntities\bin\Debug\EF_ZMTdbEntities.dll" />
      <DeploymentItem filename="D:\c#\Moq.dll" />
    </Deployment>
    <Execution>
      <TestTypeSpecific />
      <AgentRule name="Execution Agents">
      </AgentRule>
    </Execution>
  </TestSettings>
  <Times creation="2012-05-30T13:51:48.0897333+02:00" queuing="2012-05-30T13:51:51.3049172+02:00" start="2012-05-30T13:51:51.6229353+02:00" finish="2012-05-30T13:51:54.6311074+02:00" />
  <ResultSummary outcome="Completed">
    <Counters total="10" executed="10" passed="10" error="0" failed="0" timeout="0" aborted="0" inconclusive="0" passedButRunAborted="0" notRunnable="0" notExecuted="0" disconnected="0" warning="0" completed="0" inProgress="0" pending="0" />
  </ResultSummary>
  <TestDefinitions>
    <UnitTest name="GetContractorsByStreet" storage="c:\users\admin\documents\visual studio 2010\projects\zmtfixedassets\zmtfixedassetstestproject\bin\debug\zmtfixedassetstestproject.dll" id="930e983d-3836-e584-f070-7836eabf9d5d">
      <Execution id="994cde41-e36b-46af-aff7-47ce2a35f0ec" />
      <TestMethod codeBase="C:/Users/Admin/Documents/Visual Studio 2010/Projects/ZMTFixedAssets/ZMTFixedAssetsTestProject/bin/Debug/ZMTFixedAssetsTestProject.DLL" adapterTypeName="Microsoft.VisualStudio.TestTools.TestTypes.Unit.UnitTestAdapter, Microsoft.VisualStudio.QualityTools.Tips.UnitTest.Adapter, Version=10.0.0.0, Culture=neutral, PublicKeyToken=b03f5f7f11d50a3a" className="ZMTFixedAssetsTestProject.ContractorTest, ZMTFixedAssetsTestProject, Version=1.0.0.0, Culture=neutral, PublicKeyToken=null" name="GetContractorsByStreet" />
    </UnitTest>
    <UnitTest name="GetContractorsByCountry" storage="c:\users\admin\documents\visual studio 2010\projects\zmtfixedassets\zmtfixedassetstestproject\bin\debug\zmtfixedassetstestproject.dll" id="e9d4ee53-b79d-2bf2-2838-903535c09341">
      <Execution id="ba75e719-1f1d-46a8-80ca-05e063be514f" />
      <TestMethod codeBase="C:/Users/Admin/Documents/Visual Studio 2010/Projects/ZMTFixedAssets/ZMTFixedAssetsTestProject/bin/Debug/ZMTFixedAssetsTestProject.DLL" adapterTypeName="Microsoft.VisualStudio.TestTools.TestTypes.Unit.UnitTestAdapter, Microsoft.VisualStudio.QualityTools.Tips.UnitTest.Adapter, Version=10.0.0.0, Culture=neutral, PublicKeyToken=b03f5f7f11d50a3a" className="ZMTFixedAssetsTestProject.ContractorTest, ZMTFixedAssetsTestProject, Version=1.0.0.0, Culture=neutral, PublicKeyToken=null" name="GetContractorsByCountry" />
    </UnitTest>
    <UnitTest name="GetAllContractors" storage="c:\users\admin\documents\visual studio 2010\projects\zmtfixedassets\zmtfixedassetstestproject\bin\debug\zmtfixedassetstestproject.dll" id="b2a3045f-4c75-f962-90a0-b20aef4d9ed4">
      <Execution id="03f0ebbb-2d3c-4408-9dfa-12ffef09ffc6" />
      <TestMethod codeBase="C:/Users/Admin/Documents/Visual Studio 2010/Projects/ZMTFixedAssets/ZMTFixedAssetsTestProject/bin/Debug/ZMTFixedAssetsTestProject.DLL" adapterTypeName="Microsoft.VisualStudio.TestTools.TestTypes.Unit.UnitTestAdapter, Microsoft.VisualStudio.QualityTools.Tips.UnitTest.Adapter, Version=10.0.0.0, Culture=neutral, PublicKeyToken=b03f5f7f11d50a3a" className="ZMTFixedAssetsTestProject.ContractorTest, ZMTFixedAssetsTestProject, Version=1.0.0.0, Culture=neutral, PublicKeyToken=null" name="GetAllContractors" />
    </UnitTest>
    <UnitTest name="GetContractorByName" storage="c:\users\admin\documents\visual studio 2010\projects\zmtfixedassets\zmtfixedassetstestproject\bin\debug\zmtfixedassetstestproject.dll" id="9264db2d-35b8-852b-589e-e79e604a5f88">
      <Execution id="4d2c6aa1-08a5-44f4-9793-37e59dbcd645" />
      <TestMethod codeBase="C:/Users/Admin/Documents/Visual Studio 2010/Projects/ZMTFixedAssets/ZMTFixedAssetsTestProject/bin/Debug/ZMTFixedAssetsTestProject.DLL" adapterTypeName="Microsoft.VisualStudio.TestTools.TestTypes.Unit.UnitTestAdapter, Microsoft.VisualStudio.QualityTools.Tips.UnitTest.Adapter, Version=10.0.0.0, Culture=neutral, PublicKeyToken=b03f5f7f11d50a3a" className="ZMTFixedAssetsTestProject.ContractorTest, ZMTFixedAssetsTestProject, Version=1.0.0.0, Culture=neutral, PublicKeyToken=null" name="GetContractorByName" />
    </UnitTest>
    <UnitTest name="GetContractorById" storage="c:\users\admin\documents\visual studio 2010\projects\zmtfixedassets\zmtfixedassetstestproject\bin\debug\zmtfixedassetstestproject.dll" id="1ff1c349-c6cf-1f83-4c87-d0b812fe7ea7">
      <Execution id="1201c7dc-c4af-4fd6-bef0-63995b8cc0ba" />
      <TestMethod codeBase="C:/Users/Admin/Documents/Visual Studio 2010/Projects/ZMTFixedAssets/ZMTFixedAssetsTestProject/bin/Debug/ZMTFixedAssetsTestProject.DLL" adapterTypeName="Microsoft.VisualStudio.TestTools.TestTypes.Unit.UnitTestAdapter, Microsoft.VisualStudio.QualityTools.Tips.UnitTest.Adapter, Version=10.0.0.0, Culture=neutral, PublicKeyToken=b03f5f7f11d50a3a" className="ZMTFixedAssetsTestProject.ContractorTest, ZMTFixedAssetsTestProject, Version=1.0.0.0, Culture=neutral, PublicKeyToken=null" name="GetContractorById" />
    </UnitTest>
    <UnitTest name="GetContractorByNip" storage="c:\users\admin\documents\visual studio 2010\projects\zmtfixedassets\zmtfixedassetstestproject\bin\debug\zmtfixedassetstestproject.dll" id="8bacf1e3-53e5-7d08-d507-23e5157c2c9b">
      <Execution id="39703bba-6cdd-43f0-84a9-fa5f378acb09" />
      <TestMethod codeBase="C:/Users/Admin/Documents/Visual Studio 2010/Projects/ZMTFixedAssets/ZMTFixedAssetsTestProject/bin/Debug/ZMTFixedAssetsTestProject.DLL" adapterTypeName="Microsoft.VisualStudio.TestTools.TestTypes.Unit.UnitTestAdapter, Microsoft.VisualStudio.QualityTools.Tips.UnitTest.Adapter, Version=10.0.0.0, Culture=neutral, PublicKeyToken=b03f5f7f11d50a3a" className="ZMTFixedAssetsTestProject.ContractorTest, ZMTFixedAssetsTestProject, Version=1.0.0.0, Culture=neutral, PublicKeyToken=null" name="GetContractorByNip" />
    </UnitTest>
    <UnitTest name="GetContractorByAccountNumber" storage="c:\users\admin\documents\visual studio 2010\projects\zmtfixedassets\zmtfixedassetstestproject\bin\debug\zmtfixedassetstestproject.dll" id="4d606961-1051-9436-fb9b-030a04cc68ce">
      <Execution id="4ff3d996-1b3d-473b-805e-f2696252545f" />
      <TestMethod codeBase="C:/Users/Admin/Documents/Visual Studio 2010/Projects/ZMTFixedAssets/ZMTFixedAssetsTestProject/bin/Debug/ZMTFixedAssetsTestProject.DLL" adapterTypeName="Microsoft.VisualStudio.TestTools.TestTypes.Unit.UnitTestAdapter, Microsoft.VisualStudio.QualityTools.Tips.UnitTest.Adapter, Version=10.0.0.0, Culture=neutral, PublicKeyToken=b03f5f7f11d50a3a" className="ZMTFixedAssetsTestProject.ContractorTest, ZMTFixedAssetsTestProject, Version=1.0.0.0, Culture=neutral, PublicKeyToken=null" name="GetContractorByAccountNumber" />
    </UnitTest>
    <UnitTest name="CountContractors" storage="c:\users\admin\documents\visual studio 2010\projects\zmtfixedassets\zmtfixedassetstestproject\bin\debug\zmtfixedassetstestproject.dll" id="b92cf879-3d9b-b83c-031f-0fd20312ccaa">
      <Execution id="7f85a382-001e-4eb4-a3f3-085fcfd8d30d" />
      <TestMethod codeBase="C:/Users/Admin/Documents/Visual Studio 2010/Projects/ZMTFixedAssets/ZMTFixedAssetsTestProject/bin/Debug/ZMTFixedAssetsTestProject.DLL" adapterTypeName="Microsoft.VisualStudio.TestTools.TestTypes.Unit.UnitTestAdapter, Microsoft.VisualStudio.QualityTools.Tips.UnitTest.Adapter, Version=10.0.0.0, Culture=neutral, PublicKeyToken=b03f5f7f11d50a3a" className="ZMTFixedAssetsTestProject.ContractorTest, ZMTFixedAssetsTestProject, Version=1.0.0.0, Culture=neutral, PublicKeyToken=null" name="CountContractors" />
    </UnitTest>
    <UnitTest name="GetContractorsByPostalCode" storage="c:\users\admin\documents\visual studio 2010\projects\zmtfixedassets\zmtfixedassetstestproject\bin\debug\zmtfixedassetstestproject.dll" id="e57e9d7b-8bde-398a-3f6f-15117ea49059">
      <Execution id="6d8fe276-e33c-4faa-8447-f16c59d18403" />
      <TestMethod codeBase="C:/Users/Admin/Documents/Visual Studio 2010/Projects/ZMTFixedAssets/ZMTFixedAssetsTestProject/bin/Debug/ZMTFixedAssetsTestProject.DLL" adapterTypeName="Microsoft.VisualStudio.TestTools.TestTypes.Unit.UnitTestAdapter, Microsoft.VisualStudio.QualityTools.Tips.UnitTest.Adapter, Version=10.0.0.0, Culture=neutral, PublicKeyToken=b03f5f7f11d50a3a" className="ZMTFixedAssetsTestProject.ContractorTest, ZMTFixedAssetsTestProject, Version=1.0.0.0, Culture=neutral, PublicKeyToken=null" name="GetContractorsByPostalCode" />
    </UnitTest>
    <UnitTest name="GetContractorsByCity" storage="c:\users\admin\documents\visual studio 2010\projects\zmtfixedassets\zmtfixedassetstestproject\bin\debug\zmtfixedassetstestproject.dll" id="c070fed9-2846-fa4c-7afa-09c053bf97a7">
      <Execution id="d46ca0a7-e525-4a5d-a5a2-e8dd8255a1dd" />
      <TestMethod codeBase="C:/Users/Admin/Documents/Visual Studio 2010/Projects/ZMTFixedAssets/ZMTFixedAssetsTestProject/bin/Debug/ZMTFixedAssetsTestProject.DLL" adapterTypeName="Microsoft.VisualStudio.TestTools.TestTypes.Unit.UnitTestAdapter, Microsoft.VisualStudio.QualityTools.Tips.UnitTest.Adapter, Version=10.0.0.0, Culture=neutral, PublicKeyToken=b03f5f7f11d50a3a" className="ZMTFixedAssetsTestProject.ContractorTest, ZMTFixedAssetsTestProject, Version=1.0.0.0, Culture=neutral, PublicKeyToken=null" name="GetContractorsByCity" />
    </UnitTest>
  </TestDefinitions>
  <TestLists>
    <TestList name="Results Not in a List" id="8c84fa94-04c1-424b-9868-57a2d4851a1d" />
    <TestList name="All Loaded Results" id="19431567-8539-422a-85d7-44ee4e166bda" />
  </TestLists>
  <TestEntries>
    <TestEntry testId="1ff1c349-c6cf-1f83-4c87-d0b812fe7ea7" executionId="1201c7dc-c4af-4fd6-bef0-63995b8cc0ba" testListId="8c84fa94-04c1-424b-9868-57a2d4851a1d" />
    <TestEntry testId="4d606961-1051-9436-fb9b-030a04cc68ce" executionId="4ff3d996-1b3d-473b-805e-f2696252545f" testListId="8c84fa94-04c1-424b-9868-57a2d4851a1d" />
    <TestEntry testId="8bacf1e3-53e5-7d08-d507-23e5157c2c9b" executionId="39703bba-6cdd-43f0-84a9-fa5f378acb09" testListId="8c84fa94-04c1-424b-9868-57a2d4851a1d" />
    <TestEntry testId="9264db2d-35b8-852b-589e-e79e604a5f88" executionId="4d2c6aa1-08a5-44f4-9793-37e59dbcd645" testListId="8c84fa94-04c1-424b-9868-57a2d4851a1d" />
    <TestEntry testId="930e983d-3836-e584-f070-7836eabf9d5d" executionId="994cde41-e36b-46af-aff7-47ce2a35f0ec" testListId="8c84fa94-04c1-424b-9868-57a2d4851a1d" />
    <TestEntry testId="b2a3045f-4c75-f962-90a0-b20aef4d9ed4" executionId="03f0ebbb-2d3c-4408-9dfa-12ffef09ffc6" testListId="8c84fa94-04c1-424b-9868-57a2d4851a1d" />
    <TestEntry testId="b92cf879-3d9b-b83c-031f-0fd20312ccaa" executionId="7f85a382-001e-4eb4-a3f3-085fcfd8d30d" testListId="8c84fa94-04c1-424b-9868-57a2d4851a1d" />
    <TestEntry testId="c070fed9-2846-fa4c-7afa-09c053bf97a7" executionId="d46ca0a7-e525-4a5d-a5a2-e8dd8255a1dd" testListId="8c84fa94-04c1-424b-9868-57a2d4851a1d" />
    <TestEntry testId="e57e9d7b-8bde-398a-3f6f-15117ea49059" executionId="6d8fe276-e33c-4faa-8447-f16c59d18403" testListId="8c84fa94-04c1-424b-9868-57a2d4851a1d" />
    <TestEntry testId="e9d4ee53-b79d-2bf2-2838-903535c09341" executionId="ba75e719-1f1d-46a8-80ca-05e063be514f" testListId="8c84fa94-04c1-424b-9868-57a2d4851a1d" />
  </TestEntries>
  <Results>
    <UnitTestResult executionId="1201c7dc-c4af-4fd6-bef0-63995b8cc0ba" testId="1ff1c349-c6cf-1f83-4c87-d0b812fe7ea7" testName="GetContractorById" computerName="ADMIN-KOMPUTER" duration="00:00:01.3206958" startTime="2012-05-30T13:51:51.7229411+02:00" endTime="2012-05-30T13:51:54.1780815+02:00" testType="13cdc9d9-ddb5-4fa4-a97d-d965ccfc6d4b" outcome="Passed" testListId="8c84fa94-04c1-424b-9868-57a2d4851a1d" relativeResultsDirectory="1201c7dc-c4af-4fd6-bef0-63995b8cc0ba">
    </UnitTestResult>
    <UnitTestResult executionId="4ff3d996-1b3d-473b-805e-f2696252545f" testId="4d606961-1051-9436-fb9b-030a04cc68ce" testName="GetContractorByAccountNumber" computerName="ADMIN-KOMPUTER" duration="00:00:00.0188766" startTime="2012-05-30T13:51:54.1980826+02:00" endTime="2012-05-30T13:51:54.2280844+02:00" testType="13cdc9d9-ddb5-4fa4-a97d-d965ccfc6d4b" outcome="Passed" testListId="8c84fa94-04c1-424b-9868-57a2d4851a1d" relativeResultsDirectory="4ff3d996-1b3d-473b-805e-f2696252545f">
    </UnitTestResult>
    <UnitTestResult executionId="39703bba-6cdd-43f0-84a9-fa5f378acb09" testId="8bacf1e3-53e5-7d08-d507-23e5157c2c9b" testName="GetContractorByNip" computerName="ADMIN-KOMPUTER" duration="00:00:00.0136169" startTime="2012-05-30T13:51:54.2380849+02:00" endTime="2012-05-30T13:51:54.2640864+02:00" testType="13cdc9d9-ddb5-4fa4-a97d-d965ccfc6d4b" outcome="Passed" testListId="8c84fa94-04c1-424b-9868-57a2d4851a1d" relativeResultsDirectory="39703bba-6cdd-43f0-84a9-fa5f378acb09">
    </UnitTestResult>
    <UnitTestResult executionId="4d2c6aa1-08a5-44f4-9793-37e59dbcd645" testId="9264db2d-35b8-852b-589e-e79e604a5f88" testName="GetContractorByName" computerName="ADMIN-KOMPUTER" duration="00:00:00.0210112" startTime="2012-05-30T13:51:54.2780872+02:00" endTime="2012-05-30T13:51:54.3090890+02:00" testType="13cdc9d9-ddb5-4fa4-a97d-d965ccfc6d4b" outcome="Passed" testListId="8c84fa94-04c1-424b-9868-57a2d4851a1d" relativeResultsDirectory="4d2c6aa1-08a5-44f4-9793-37e59dbcd645">
    </UnitTestResult>
    <UnitTestResult executionId="994cde41-e36b-46af-aff7-47ce2a35f0ec" testId="930e983d-3836-e584-f070-7836eabf9d5d" testName="GetContractorsByStreet" computerName="ADMIN-KOMPUTER" duration="00:00:00.0165021" startTime="2012-05-30T13:51:54.3180895+02:00" endTime="2012-05-30T13:51:54.3430909+02:00" testType="13cdc9d9-ddb5-4fa4-a97d-d965ccfc6d4b" outcome="Passed" testListId="8c84fa94-04c1-424b-9868-57a2d4851a1d" relativeResultsDirectory="994cde41-e36b-46af-aff7-47ce2a35f0ec">
    </UnitTestResult>
    <UnitTestResult executionId="03f0ebbb-2d3c-4408-9dfa-12ffef09ffc6" testId="b2a3045f-4c75-f962-90a0-b20aef4d9ed4" testName="GetAllContractors" computerName="ADMIN-KOMPUTER" duration="00:00:00.0048067" startTime="2012-05-30T13:51:54.3520914+02:00" endTime="2012-05-30T13:51:54.3810931+02:00" testType="13cdc9d9-ddb5-4fa4-a97d-d965ccfc6d4b" outcome="Passed" testListId="8c84fa94-04c1-424b-9868-57a2d4851a1d" relativeResultsDirectory="03f0ebbb-2d3c-4408-9dfa-12ffef09ffc6">
    </UnitTestResult>
    <UnitTestResult executionId="7f85a382-001e-4eb4-a3f3-085fcfd8d30d" testId="b92cf879-3d9b-b83c-031f-0fd20312ccaa" testName="CountContractors" computerName="ADMIN-KOMPUTER" duration="00:00:00.0077779" startTime="2012-05-30T13:51:54.3920937+02:00" endTime="2012-05-30T13:51:54.4090947+02:00" testType="13cdc9d9-ddb5-4fa4-a97d-d965ccfc6d4b" outcome="Passed" testListId="8c84fa94-04c1-424b-9868-57a2d4851a1d" relativeResultsDirectory="7f85a382-001e-4eb4-a3f3-085fcfd8d30d">
    </UnitTestResult>
    <UnitTestResult executionId="d46ca0a7-e525-4a5d-a5a2-e8dd8255a1dd" testId="c070fed9-2846-fa4c-7afa-09c053bf97a7" testName="GetContractorsByCity" computerName="ADMIN-KOMPUTER" duration="00:00:00.0128650" startTime="2012-05-30T13:51:54.4160951+02:00" endTime="2012-05-30T13:51:54.4350962+02:00" testType="13cdc9d9-ddb5-4fa4-a97d-d965ccfc6d4b" outcome="Passed" testListId="8c84fa94-04c1-424b-9868-57a2d4851a1d" relativeResultsDirectory="d46ca0a7-e525-4a5d-a5a2-e8dd8255a1dd">
    </UnitTestResult>
    <UnitTestResult executionId="6d8fe276-e33c-4faa-8447-f16c59d18403" testId="e57e9d7b-8bde-398a-3f6f-15117ea49059" testName="GetContractorsByPostalCode" computerName="ADMIN-KOMPUTER" duration="00:00:00.0153409" startTime="2012-05-30T13:51:54.4550973+02:00" endTime="2012-05-30T13:51:54.4770986+02:00" testType="13cdc9d9-ddb5-4fa4-a97d-d965ccfc6d4b" outcome="Passed" testListId="8c84fa94-04c1-424b-9868-57a2d4851a1d" relativeResultsDirectory="6d8fe276-e33c-4faa-8447-f16c59d18403">
    </UnitTestResult>
    <UnitTestResult executionId="ba75e719-1f1d-46a8-80ca-05e063be514f" testId="e9d4ee53-b79d-2bf2-2838-903535c09341" testName="GetContractorsByCountry" computerName="ADMIN-KOMPUTER" duration="00:00:00.0157399" startTime="2012-05-30T13:51:54.4980998+02:00" endTime="2012-05-30T13:51:54.5211011+02:00" testType="13cdc9d9-ddb5-4fa4-a97d-d965ccfc6d4b" outcome="Passed" testListId="8c84fa94-04c1-424b-9868-57a2d4851a1d" relativeResultsDirectory="ba75e719-1f1d-46a8-80ca-05e063be514f">
    </UnitTestResult>
  </Results>
</TestRun>