<?xml version="1.0" encoding="UTF-8"?>
<TestRun id="14be69ae-afd4-48d6-9307-c1483183be56" name="Admin@ADMIN-KOMPUTER 2012-05-23 14:22:35" runUser="Admin-Komputer\Admin" xmlns="http://microsoft.com/schemas/VisualStudio/TeamTest/2010">
  <TestSettings name="Local" id="1dc8fbb8-15f3-49ac-a2c5-a77e39de2a4f">
    <Description>These are default test settings for a local test run.</Description>
    <Deployment enabled="false" runDeploymentRoot="Admin_ADMIN-KOMPUTER 2012-05-23 14_22_35">
      <DeploymentItem filename="C:\Users\Admin\documents\visual studio 2010\Projects\EF_ZMTdbConnection\EF_ZMTdbContent\bin\Debug\EF_ZMTdbContent.dll" />
      <DeploymentItem filename="D:\c#\Moq.dll" />
      <DeploymentItem filename="C:\Users\Admin\documents\visual studio 2010\Projects\ZMTFixedAssets\ZMTFixedAssets\bin\Debug\FixedAssets.dll" />
      <DeploymentItem filename="C:\Users\Admin\documents\visual studio 2010\Projects\ZMTFixedAssets\ZMTFixedAssets\bin\Debug\ZMTFixedAssets.dll" />
      <DeploymentItem filename="C:\Users\Admin\documents\visual studio 2010\Projects\EF_ZMTdbConnection\EF_ZMTdbEntities\bin\Debug\EF_ZMTdbEntities.dll" />
    </Deployment>
    <Execution>
      <TestTypeSpecific />
      <AgentRule name="Execution Agents">
      </AgentRule>
    </Execution>
  </TestSettings>
  <Times creation="2012-05-23T14:22:35.6098320+02:00" queuing="2012-05-23T14:22:35.7228385+02:00" start="2012-05-23T14:22:35.7838420+02:00" finish="2012-05-23T14:22:36.8489029+02:00" />
  <ResultSummary outcome="Completed">
    <Counters total="6" executed="6" passed="6" error="0" failed="0" timeout="0" aborted="0" inconclusive="0" passedButRunAborted="0" notRunnable="0" notExecuted="0" disconnected="0" warning="0" completed="0" inProgress="0" pending="0" />
  </ResultSummary>
  <TestDefinitions>
    <UnitTest name="GetLicencesByLastModifiedPersonId" storage="c:\users\admin\documents\visual studio 2010\projects\zmtfixedassets\zmtfixedassetstestproject\bin\debug\zmtfixedassetstestproject.dll" id="5abd3f1e-e034-b46c-e0cb-376b9387ab3f">
      <Execution id="e629efec-4de5-41e8-ae48-b2462b4afb57" />
      <TestMethod codeBase="C:/Users/Admin/documents/visual studio 2010/Projects/ZMTFixedAssets/ZMTFixedAssetsTestProject/bin/Debug/ZMTFixedAssetsTestProject.DLL" adapterTypeName="Microsoft.VisualStudio.TestTools.TestTypes.Unit.UnitTestAdapter, Microsoft.VisualStudio.QualityTools.Tips.UnitTest.Adapter, Version=10.0.0.0, Culture=neutral, PublicKeyToken=b03f5f7f11d50a3a" className="ZMTFixedAssetsTestProject.LicenceTest, ZMTFixedAssetsTestProject, Version=1.0.0.0, Culture=neutral, PublicKeyToken=null" name="GetLicencesByLastModifiedPersonId" />
    </UnitTest>
    <UnitTest name="GetLicencesByLastModifiedDateAndRangeDates" storage="c:\users\admin\documents\visual studio 2010\projects\zmtfixedassets\zmtfixedassetstestproject\bin\debug\zmtfixedassetstestproject.dll" id="44258936-46fd-bad6-ebb0-c7585625cceb">
      <Execution id="ce8c5f25-7a64-476c-92fa-3f8e90f35a89" />
      <TestMethod codeBase="C:/Users/Admin/documents/visual studio 2010/Projects/ZMTFixedAssets/ZMTFixedAssetsTestProject/bin/Debug/ZMTFixedAssetsTestProject.DLL" adapterTypeName="Microsoft.VisualStudio.TestTools.TestTypes.Unit.UnitTestAdapter, Microsoft.VisualStudio.QualityTools.Tips.UnitTest.Adapter, Version=10.0.0.0, Culture=neutral, PublicKeyToken=b03f5f7f11d50a3a" className="ZMTFixedAssetsTestProject.LicenceTest, ZMTFixedAssetsTestProject, Version=1.0.0.0, Culture=neutral, PublicKeyToken=null" name="GetLicencesByLastModifiedDateAndRangeDates" />
    </UnitTest>
    <UnitTest name="GetLicenceByIdOrInvNumber" storage="c:\users\admin\documents\visual studio 2010\projects\zmtfixedassets\zmtfixedassetstestproject\bin\debug\zmtfixedassetstestproject.dll" id="ea37af5b-54ae-5653-1ccf-1fd7f5fcbcbf">
      <Execution id="d9cbbf79-2a0c-4525-875d-a790cb8b5bbf" />
      <TestMethod codeBase="C:/Users/Admin/documents/visual studio 2010/Projects/ZMTFixedAssets/ZMTFixedAssetsTestProject/bin/Debug/ZMTFixedAssetsTestProject.DLL" adapterTypeName="Microsoft.VisualStudio.TestTools.TestTypes.Unit.UnitTestAdapter, Microsoft.VisualStudio.QualityTools.Tips.UnitTest.Adapter, Version=10.0.0.0, Culture=neutral, PublicKeyToken=b03f5f7f11d50a3a" className="ZMTFixedAssetsTestProject.LicenceTest, ZMTFixedAssetsTestProject, Version=1.0.0.0, Culture=neutral, PublicKeyToken=null" name="GetLicenceByIdOrInvNumber" />
    </UnitTest>
    <UnitTest name="GetLicencesBySerialNumber_FixedAssetId_LicenceNumber_Name" storage="c:\users\admin\documents\visual studio 2010\projects\zmtfixedassets\zmtfixedassetstestproject\bin\debug\zmtfixedassetstestproject.dll" id="5b4aa470-5126-e090-b9a6-57edbb5519e8">
      <Execution id="53631cfd-1fe3-48ab-8260-db6be858dc6f" />
      <TestMethod codeBase="C:/Users/Admin/documents/visual studio 2010/Projects/ZMTFixedAssets/ZMTFixedAssetsTestProject/bin/Debug/ZMTFixedAssetsTestProject.DLL" adapterTypeName="Microsoft.VisualStudio.TestTools.TestTypes.Unit.UnitTestAdapter, Microsoft.VisualStudio.QualityTools.Tips.UnitTest.Adapter, Version=10.0.0.0, Culture=neutral, PublicKeyToken=b03f5f7f11d50a3a" className="ZMTFixedAssetsTestProject.LicenceTest, ZMTFixedAssetsTestProject, Version=1.0.0.0, Culture=neutral, PublicKeyToken=null" name="GetLicencesBySerialNumber_FixedAssetId_LicenceNumber_Name" />
    </UnitTest>
    <UnitTest name="GetLicencesByCreatorOrLastModifiedPersonID" storage="c:\users\admin\documents\visual studio 2010\projects\zmtfixedassets\zmtfixedassetstestproject\bin\debug\zmtfixedassetstestproject.dll" id="c720e899-12cc-0f8f-74ea-462bf230461c">
      <Execution id="7c69398e-1766-4711-b606-a66a3d7f6e8b" />
      <TestMethod codeBase="C:/Users/Admin/documents/visual studio 2010/Projects/ZMTFixedAssets/ZMTFixedAssetsTestProject/bin/Debug/ZMTFixedAssetsTestProject.DLL" adapterTypeName="Microsoft.VisualStudio.TestTools.TestTypes.Unit.UnitTestAdapter, Microsoft.VisualStudio.QualityTools.Tips.UnitTest.Adapter, Version=10.0.0.0, Culture=neutral, PublicKeyToken=b03f5f7f11d50a3a" className="ZMTFixedAssetsTestProject.LicenceTest, ZMTFixedAssetsTestProject, Version=1.0.0.0, Culture=neutral, PublicKeyToken=null" name="GetLicencesByCreatorOrLastModifiedPersonID" />
    </UnitTest>
    <UnitTest name="CountAndGetAllLicences" storage="c:\users\admin\documents\visual studio 2010\projects\zmtfixedassets\zmtfixedassetstestproject\bin\debug\zmtfixedassetstestproject.dll" id="a46df559-408c-92bf-dc8c-81949d634593">
      <Execution id="7f47b6f8-ce5d-4891-8fa9-40f0fcc271ae" />
      <TestMethod codeBase="C:/Users/Admin/documents/visual studio 2010/Projects/ZMTFixedAssets/ZMTFixedAssetsTestProject/bin/Debug/ZMTFixedAssetsTestProject.DLL" adapterTypeName="Microsoft.VisualStudio.TestTools.TestTypes.Unit.UnitTestAdapter, Microsoft.VisualStudio.QualityTools.Tips.UnitTest.Adapter, Version=10.0.0.0, Culture=neutral, PublicKeyToken=b03f5f7f11d50a3a" className="ZMTFixedAssetsTestProject.LicenceTest, ZMTFixedAssetsTestProject, Version=1.0.0.0, Culture=neutral, PublicKeyToken=null" name="CountAndGetAllLicences" />
    </UnitTest>
  </TestDefinitions>
  <TestLists>
    <TestList name="Results Not in a List" id="8c84fa94-04c1-424b-9868-57a2d4851a1d" />
    <TestList name="All Loaded Results" id="19431567-8539-422a-85d7-44ee4e166bda" />
  </TestLists>
  <TestEntries>
    <TestEntry testId="44258936-46fd-bad6-ebb0-c7585625cceb" executionId="ce8c5f25-7a64-476c-92fa-3f8e90f35a89" testListId="8c84fa94-04c1-424b-9868-57a2d4851a1d" />
    <TestEntry testId="5abd3f1e-e034-b46c-e0cb-376b9387ab3f" executionId="e629efec-4de5-41e8-ae48-b2462b4afb57" testListId="8c84fa94-04c1-424b-9868-57a2d4851a1d" />
    <TestEntry testId="5b4aa470-5126-e090-b9a6-57edbb5519e8" executionId="53631cfd-1fe3-48ab-8260-db6be858dc6f" testListId="8c84fa94-04c1-424b-9868-57a2d4851a1d" />
    <TestEntry testId="a46df559-408c-92bf-dc8c-81949d634593" executionId="7f47b6f8-ce5d-4891-8fa9-40f0fcc271ae" testListId="8c84fa94-04c1-424b-9868-57a2d4851a1d" />
    <TestEntry testId="c720e899-12cc-0f8f-74ea-462bf230461c" executionId="7c69398e-1766-4711-b606-a66a3d7f6e8b" testListId="8c84fa94-04c1-424b-9868-57a2d4851a1d" />
    <TestEntry testId="ea37af5b-54ae-5653-1ccf-1fd7f5fcbcbf" executionId="d9cbbf79-2a0c-4525-875d-a790cb8b5bbf" testListId="8c84fa94-04c1-424b-9868-57a2d4851a1d" />
  </TestEntries>
  <Results>
    <UnitTestResult executionId="ce8c5f25-7a64-476c-92fa-3f8e90f35a89" testId="44258936-46fd-bad6-ebb0-c7585625cceb" testName="GetLicencesByLastModifiedDateAndRangeDates" computerName="ADMIN-KOMPUTER" duration="00:00:00.4408936" startTime="2012-05-23T14:22:35.7908424+02:00" endTime="2012-05-23T14:22:36.6668925+02:00" testType="13cdc9d9-ddb5-4fa4-a97d-d965ccfc6d4b" outcome="Passed" testListId="8c84fa94-04c1-424b-9868-57a2d4851a1d" relativeResultsDirectory="ce8c5f25-7a64-476c-92fa-3f8e90f35a89">
    </UnitTestResult>
    <UnitTestResult executionId="e629efec-4de5-41e8-ae48-b2462b4afb57" testId="5abd3f1e-e034-b46c-e0cb-376b9387ab3f" testName="GetLicencesByLastModifiedPersonId" computerName="ADMIN-KOMPUTER" duration="00:00:00.0129190" startTime="2012-05-23T14:22:36.6748930+02:00" endTime="2012-05-23T14:22:36.6938941+02:00" testType="13cdc9d9-ddb5-4fa4-a97d-d965ccfc6d4b" outcome="Passed" testListId="8c84fa94-04c1-424b-9868-57a2d4851a1d" relativeResultsDirectory="e629efec-4de5-41e8-ae48-b2462b4afb57">
    </UnitTestResult>
    <UnitTestResult executionId="53631cfd-1fe3-48ab-8260-db6be858dc6f" testId="5b4aa470-5126-e090-b9a6-57edbb5519e8" testName="GetLicencesBySerialNumber_FixedAssetId_LicenceNumber_Name" computerName="ADMIN-KOMPUTER" duration="00:00:00.0203165" startTime="2012-05-23T14:22:36.7008945+02:00" endTime="2012-05-23T14:22:36.7288961+02:00" testType="13cdc9d9-ddb5-4fa4-a97d-d965ccfc6d4b" outcome="Passed" testListId="8c84fa94-04c1-424b-9868-57a2d4851a1d" relativeResultsDirectory="53631cfd-1fe3-48ab-8260-db6be858dc6f">
    </UnitTestResult>
    <UnitTestResult executionId="7f47b6f8-ce5d-4891-8fa9-40f0fcc271ae" testId="a46df559-408c-92bf-dc8c-81949d634593" testName="CountAndGetAllLicences" computerName="ADMIN-KOMPUTER" duration="00:00:00.0039380" startTime="2012-05-23T14:22:36.7338963+02:00" endTime="2012-05-23T14:22:36.7468971+02:00" testType="13cdc9d9-ddb5-4fa4-a97d-d965ccfc6d4b" outcome="Passed" testListId="8c84fa94-04c1-424b-9868-57a2d4851a1d" relativeResultsDirectory="7f47b6f8-ce5d-4891-8fa9-40f0fcc271ae">
    </UnitTestResult>
    <UnitTestResult executionId="7c69398e-1766-4711-b606-a66a3d7f6e8b" testId="c720e899-12cc-0f8f-74ea-462bf230461c" testName="GetLicencesByCreatorOrLastModifiedPersonID" computerName="ADMIN-KOMPUTER" duration="00:00:00.0107376" startTime="2012-05-23T14:22:36.7518974+02:00" endTime="2012-05-23T14:22:36.7668982+02:00" testType="13cdc9d9-ddb5-4fa4-a97d-d965ccfc6d4b" outcome="Passed" testListId="8c84fa94-04c1-424b-9868-57a2d4851a1d" relativeResultsDirectory="7c69398e-1766-4711-b606-a66a3d7f6e8b">
    </UnitTestResult>
    <UnitTestResult executionId="d9cbbf79-2a0c-4525-875d-a790cb8b5bbf" testId="ea37af5b-54ae-5653-1ccf-1fd7f5fcbcbf" testName="GetLicenceByIdOrInvNumber" computerName="ADMIN-KOMPUTER" duration="00:00:00.0115877" startTime="2012-05-23T14:22:36.7698984+02:00" endTime="2012-05-23T14:22:36.7848993+02:00" testType="13cdc9d9-ddb5-4fa4-a97d-d965ccfc6d4b" outcome="Passed" testListId="8c84fa94-04c1-424b-9868-57a2d4851a1d" relativeResultsDirectory="d9cbbf79-2a0c-4525-875d-a790cb8b5bbf">
    </UnitTestResult>
  </Results>
</TestRun>