<?xml version="1.0" encoding="UTF-8"?>
<TestRun id="e8c229b1-4932-4734-bddb-f4165dfb99e6" name="Admin@ADMIN-KOMPUTER 2012-05-23 14:34:22" runUser="Admin-Komputer\Admin" xmlns="http://microsoft.com/schemas/VisualStudio/TeamTest/2010">
  <TestSettings name="Local" id="1dc8fbb8-15f3-49ac-a2c5-a77e39de2a4f">
    <Description>These are default test settings for a local test run.</Description>
    <Deployment enabled="false" runDeploymentRoot="Admin_ADMIN-KOMPUTER 2012-05-23 14_34_22">
      <DeploymentItem filename="C:\Users\Admin\documents\visual studio 2010\Projects\EF_ZMTdbConnection\EF_ZMTdbContent\bin\Debug\EF_ZMTdbContent.dll" />
      <DeploymentItem filename="D:\c#\Moq.dll" />
      <DeploymentItem filename="C:\Users\Admin\documents\visual studio 2010\Projects\ZMTFixedAssets\ZMTFixedAssets\bin\Debug\FixedAssets.dll" />
      <DeploymentItem filename="C:\Users\Admin\documents\visual studio 2010\Projects\ZMTFixedAssets\ZMTFixedAssets\bin\Debug\ZMTFixedAssets.dll" />
      <DeploymentItem filename="C:\Users\Admin\documents\visual studio 2010\Projects\EF_ZMTdbConnection\EF_ZMTdbEntities\bin\Debug\EF_ZMTdbEntities.dll" />
    </Deployment>
    <Execution>
      <TestTypeSpecific />
      <AgentRule name="Execution Agents">
      </AgentRule>
    </Execution>
  </TestSettings>
  <Times creation="2012-05-23T14:34:22.3494584+02:00" queuing="2012-05-23T14:34:22.5054587+02:00" start="2012-05-23T14:34:22.5522587+02:00" finish="2012-05-23T14:34:23.9718612+02:00" />
  <ResultSummary outcome="Completed">
    <Counters total="1" executed="1" passed="1" error="0" failed="0" timeout="0" aborted="0" inconclusive="0" passedButRunAborted="0" notRunnable="0" notExecuted="0" disconnected="0" warning="0" completed="0" inProgress="0" pending="0" />
  </ResultSummary>
  <TestDefinitions>
    <UnitTest name="TestPeripheralDevices" storage="c:\users\admin\documents\visual studio 2010\projects\zmtfixedassets\zmtfixedassetstestproject\bin\debug\zmtfixedassetstestproject.dll" id="8d7a44f6-8a9c-66a9-60c3-9c8bcffb8058">
      <Execution id="553a0b64-d659-453c-881f-b98d491cc045" />
      <TestMethod codeBase="C:/Users/Admin/documents/visual studio 2010/Projects/ZMTFixedAssets/ZMTFixedAssetsTestProject/bin/Debug/ZMTFixedAssetsTestProject.DLL" adapterTypeName="Microsoft.VisualStudio.TestTools.TestTypes.Unit.UnitTestAdapter, Microsoft.VisualStudio.QualityTools.Tips.UnitTest.Adapter, Version=10.0.0.0, Culture=neutral, PublicKeyToken=b03f5f7f11d50a3a" className="ZMTFixedAssetsTestProject.PeripheralDeviceTest, ZMTFixedAssetsTestProject, Version=1.0.0.0, Culture=neutral, PublicKeyToken=null" name="TestPeripheralDevices" />
    </UnitTest>
  </TestDefinitions>
  <TestLists>
    <TestList name="Results Not in a List" id="8c84fa94-04c1-424b-9868-57a2d4851a1d" />
    <TestList name="All Loaded Results" id="19431567-8539-422a-85d7-44ee4e166bda" />
  </TestLists>
  <TestEntries>
    <TestEntry testId="8d7a44f6-8a9c-66a9-60c3-9c8bcffb8058" executionId="553a0b64-d659-453c-881f-b98d491cc045" testListId="8c84fa94-04c1-424b-9868-57a2d4851a1d" />
  </TestEntries>
  <Results>
    <UnitTestResult executionId="553a0b64-d659-453c-881f-b98d491cc045" testId="8d7a44f6-8a9c-66a9-60c3-9c8bcffb8058" testName="TestPeripheralDevices" computerName="ADMIN-KOMPUTER" duration="00:00:00.5751517" startTime="2012-05-23T14:34:22.6302589+02:00" endTime="2012-05-23T14:34:23.9094611+02:00" testType="13cdc9d9-ddb5-4fa4-a97d-d965ccfc6d4b" outcome="Passed" testListId="8c84fa94-04c1-424b-9868-57a2d4851a1d" relativeResultsDirectory="553a0b64-d659-453c-881f-b98d491cc045">
    </UnitTestResult>
  </Results>
</TestRun>