<?xml version="1.0" encoding="UTF-8"?>
<TestRun id="f15f69b0-4143-409a-803b-6a7cb6c160a0" name="Admin@ADMIN-KOMPUTER 2012-05-23 14:06:46" runUser="Admin-Komputer\Admin" xmlns="http://microsoft.com/schemas/VisualStudio/TeamTest/2010">
  <TestSettings name="Local" id="1dc8fbb8-15f3-49ac-a2c5-a77e39de2a4f">
    <Description>These are default test settings for a local test run.</Description>
    <Deployment enabled="false" runDeploymentRoot="Admin_ADMIN-KOMPUTER 2012-05-23 14_06_46">
      <DeploymentItem filename="C:\Users\Admin\documents\visual studio 2010\Projects\EF_ZMTdbConnection\EF_ZMTdbContent\bin\Debug\EF_ZMTdbContent.dll" />
      <DeploymentItem filename="D:\c#\Moq.dll" />
      <DeploymentItem filename="C:\Users\Admin\documents\visual studio 2010\Projects\ZMTFixedAssets\ZMTFixedAssets\bin\Debug\FixedAssets.dll" />
      <DeploymentItem filename="C:\Users\Admin\documents\visual studio 2010\Projects\ZMTFixedAssets\ZMTFixedAssets\bin\Debug\ZMTFixedAssets.dll" />
      <DeploymentItem filename="C:\Users\Admin\documents\visual studio 2010\Projects\EF_ZMTdbConnection\EF_ZMTdbEntities\bin\Debug\EF_ZMTdbEntities.dll" />
    </Deployment>
    <Execution>
      <TestTypeSpecific />
      <AgentRule name="Execution Agents">
      </AgentRule>
    </Execution>
  </TestSettings>
  <Times creation="2012-05-23T14:06:46.3564200+02:00" queuing="2012-05-23T14:06:46.4812202+02:00" start="2012-05-23T14:06:46.5280203+02:00" finish="2012-05-23T14:06:47.5888221+02:00" />
  <ResultSummary outcome="Failed">
    <Counters total="1" executed="1" error="0" failed="1" timeout="0" aborted="0" inconclusive="0" passedButRunAborted="0" notRunnable="0" notExecuted="0" disconnected="0" warning="0" passed="0" completed="0" inProgress="0" pending="0" />
  </ResultSummary>
  <TestDefinitions>
    <UnitTest name="GetLicencesByLastModifiedDateAndRangeDates" storage="c:\users\admin\documents\visual studio 2010\projects\zmtfixedassets\zmtfixedassetstestproject\bin\debug\zmtfixedassetstestproject.dll" id="44258936-46fd-bad6-ebb0-c7585625cceb">
      <Execution id="3c71ee95-e6a2-4bfb-a343-fb3444f984b8" />
      <TestMethod codeBase="C:/Users/Admin/documents/visual studio 2010/Projects/ZMTFixedAssets/ZMTFixedAssetsTestProject/bin/Debug/ZMTFixedAssetsTestProject.DLL" adapterTypeName="Microsoft.VisualStudio.TestTools.TestTypes.Unit.UnitTestAdapter, Microsoft.VisualStudio.QualityTools.Tips.UnitTest.Adapter, Version=10.0.0.0, Culture=neutral, PublicKeyToken=b03f5f7f11d50a3a" className="ZMTFixedAssetsTestProject.LicenceTest, ZMTFixedAssetsTestProject, Version=1.0.0.0, Culture=neutral, PublicKeyToken=null" name="GetLicencesByLastModifiedDateAndRangeDates" />
    </UnitTest>
  </TestDefinitions>
  <TestLists>
    <TestList name="Results Not in a List" id="8c84fa94-04c1-424b-9868-57a2d4851a1d" />
    <TestList name="All Loaded Results" id="19431567-8539-422a-85d7-44ee4e166bda" />
  </TestLists>
  <TestEntries>
    <TestEntry testId="44258936-46fd-bad6-ebb0-c7585625cceb" executionId="3c71ee95-e6a2-4bfb-a343-fb3444f984b8" testListId="8c84fa94-04c1-424b-9868-57a2d4851a1d" />
  </TestEntries>
  <Results>
    <UnitTestResult executionId="3c71ee95-e6a2-4bfb-a343-fb3444f984b8" testId="44258936-46fd-bad6-ebb0-c7585625cceb" testName="GetLicencesByLastModifiedDateAndRangeDates" computerName="ADMIN-KOMPUTER" duration="00:00:00.4893239" startTime="2012-05-23T14:06:46.5748203+02:00" endTime="2012-05-23T14:06:47.5420220+02:00" testType="13cdc9d9-ddb5-4fa4-a97d-d965ccfc6d4b" outcome="Failed" testListId="8c84fa94-04c1-424b-9868-57a2d4851a1d" relativeResultsDirectory="3c71ee95-e6a2-4bfb-a343-fb3444f984b8">
      <Output>
        <ErrorInfo>
          <Message>Assert.AreEqual failed. Expected:&lt;4&gt;. Actual:&lt;3&gt;. </Message>
          <StackTrace>   at ZMTFixedAssetsTestProject.LicenceTest.GetLicencesByLastModifiedDateAndRangeDates() in C:\Users\Admin\documents\visual studio 2010\Projects\ZMTFixedAssets\ZMTFixedAssetsTestProject\LicenceTest.cs:line 157
</StackTrace>
        </ErrorInfo>
      </Output>
    </UnitTestResult>
  </Results>
</TestRun>