<?xml version="1.0" encoding="UTF-8"?>
<TestRun id="4811f519-03c4-4aab-9da9-d1dedc62165d" name="Admin@ADMIN-KOMPUTER 2012-06-04 20:57:28" runUser="Admin-Komputer\Admin" xmlns="http://microsoft.com/schemas/VisualStudio/TeamTest/2010">
  <TestSettings name="Local" id="4f9f8b0b-8b33-4150-9c2c-ab389c9f2a2a">
    <Description>These are default test settings for a local test run.</Description>
    <Deployment enabled="false" runDeploymentRoot="Admin_ADMIN-KOMPUTER 2012-06-04 20_57_28">
      <DeploymentItem filename="C:\Users\Admin\Documents\Visual Studio 2010\Projects\ZMTFixedAssets\EF_ZMTdbEntities\bin\Debug\EF_ZMTdbContent.dll" />
      <DeploymentItem filename="C:\Users\Admin\Documents\Visual Studio 2010\Projects\EF_ZMTdbConnection\EF_ZMTdbConnection\bin\Debug\EF_ZMTdbConnection.dll" />
      <DeploymentItem filename="C:\Users\Admin\Documents\Visual Studio 2010\Projects\ZMTFixedAssets\EF_ZMTdbEntities\bin\Debug\EF_ZMT_DbContext.dll" />
      <DeploymentItem filename="C:\Users\Admin\Documents\Visual Studio 2010\Projects\EF_ZMTdbConnection\EF_ZMTdbEntities\bin\Debug\EF_ZMTdbEntities.dll" />
      <DeploymentItem filename="C:\Users\Admin\documents\visual studio 2010\Projects\ZMTFixedAssetsService\ZMTFixedAssetsService\bin\Debug\ZMTFixedAssetsService.dll" />
      <DeploymentItem filename="C:\Users\Admin\Documents\Visual Studio 2010\Projects\FixedAssetsTransaction\FixedAssetsTransaction\bin\Debug\FixedAssetsTransactions.dll" />
      <DeploymentItem filename="C:\Users\Admin\Documents\Visual Studio 2010\Projects\FixedAssets\FixedAssets\bin\Debug\FixedAssets.dll" />
    </Deployment>
    <Execution>
      <TestTypeSpecific />
      <AgentRule name="Execution Agents">
      </AgentRule>
    </Execution>
  </TestSettings>
  <Times creation="2012-06-04T20:57:28.0887171+02:00" queuing="2012-06-04T20:57:28.1677216+02:00" start="2012-06-04T20:57:28.1897229+02:00" finish="2012-06-04T20:57:29.4897973+02:00" />
  <ResultSummary outcome="Failed">
    <Counters total="1" executed="1" error="0" failed="1" timeout="0" aborted="0" inconclusive="0" passedButRunAborted="0" notRunnable="0" notExecuted="0" disconnected="0" warning="0" passed="0" completed="0" inProgress="0" pending="0" />
  </ResultSummary>
  <TestDefinitions>
    <UnitTest name="CantEditSection" storage="c:\users\admin\documents\visual studio 2010\projects\zmtfixedassetsservice\transactionstests\bin\debug\transactionstests.dll" id="2598b628-b6d4-6e8d-11bd-ddf79b34c637">
      <Execution id="16b09ac9-a112-40cf-b2c0-d2fdfbf029dd" />
      <TestMethod codeBase="C:/Users/Admin/Documents/Visual Studio 2010/Projects/ZMTFixedAssetsService/TransactionsTests/bin/Debug/TransactionsTests.DLL" adapterTypeName="Microsoft.VisualStudio.TestTools.TestTypes.Unit.UnitTestAdapter, Microsoft.VisualStudio.QualityTools.Tips.UnitTest.Adapter, Version=10.0.0.0, Culture=neutral, PublicKeyToken=b03f5f7f11d50a3a" className="TransactionsTests.SectionTransactionsUnitTests, TransactionsTests, Version=1.0.0.0, Culture=neutral, PublicKeyToken=null" name="CantEditSection" />
    </UnitTest>
  </TestDefinitions>
  <TestLists>
    <TestList name="Results Not in a List" id="8c84fa94-04c1-424b-9868-57a2d4851a1d" />
    <TestList name="All Loaded Results" id="19431567-8539-422a-85d7-44ee4e166bda" />
  </TestLists>
  <TestEntries>
    <TestEntry testId="2598b628-b6d4-6e8d-11bd-ddf79b34c637" executionId="16b09ac9-a112-40cf-b2c0-d2fdfbf029dd" testListId="8c84fa94-04c1-424b-9868-57a2d4851a1d" />
  </TestEntries>
  <Results>
    <UnitTestResult executionId="16b09ac9-a112-40cf-b2c0-d2fdfbf029dd" testId="2598b628-b6d4-6e8d-11bd-ddf79b34c637" testName="CantEditSection" computerName="ADMIN-KOMPUTER" duration="00:00:00.7571999" startTime="2012-06-04T20:57:28.2117242+02:00" endTime="2012-06-04T20:57:29.4147930+02:00" testType="13cdc9d9-ddb5-4fa4-a97d-d965ccfc6d4b" outcome="Failed" testListId="8c84fa94-04c1-424b-9868-57a2d4851a1d" relativeResultsDirectory="16b09ac9-a112-40cf-b2c0-d2fdfbf029dd">
      <Output>
        <ErrorInfo>
          <Message>Test method TransactionsTests.SectionTransactionsUnitTests.CantEditSection threw exception: 
System.InvalidOperationException: Nie udało się edytować sekcji. Popraw dane i spróbuj ponownie</Message>
          <StackTrace>    at FixedAssetsTransactions.SectionTransactions.EditSection(Section section) in C:\Users\Admin\Documents\Visual Studio 2010\Projects\FixedAssetsTransaction\FixedAssetsTransaction\SectionTransactions.cs:line 73
   at ZMTFixedAssetsService.Transactions.FixedAssetTransaction.EditSection(Section section) in C:\Users\Admin\Documents\Visual Studio 2010\Projects\ZMTFixedAssetsService\ZMTFixedAssetsService\Transactions\SectionTransaction.cs:line 28
   at TransactionsTests.SectionTransactionsUnitTests.CantEditSection() in C:\Users\Admin\Documents\Visual Studio 2010\Projects\ZMTFixedAssetsService\TransactionsTests\SectionTransactionsUnitTests.cs:line 63
</StackTrace>
        </ErrorInfo>
      </Output>
    </UnitTestResult>
  </Results>
</TestRun>