<?xml version="1.0" encoding="UTF-8"?>
<TestRun id="ee67bfdd-2f57-4237-8f6c-7796128e42dd" name="Admin@ADMIN-KOMPUTER 2012-06-04 21:16:17" runUser="Admin-Komputer\Admin" xmlns="http://microsoft.com/schemas/VisualStudio/TeamTest/2010">
  <TestSettings name="Local" id="4f9f8b0b-8b33-4150-9c2c-ab389c9f2a2a">
    <Description>These are default test settings for a local test run.</Description>
    <Deployment enabled="false" runDeploymentRoot="Admin_ADMIN-KOMPUTER 2012-06-04 21_16_17">
      <DeploymentItem filename="C:\Users\Admin\Documents\Visual Studio 2010\Projects\ZMTFixedAssets\EF_ZMTdbEntities\bin\Debug\EF_ZMTdbContent.dll" />
      <DeploymentItem filename="C:\Users\Admin\Documents\Visual Studio 2010\Projects\EF_ZMTdbConnection\EF_ZMTdbConnection\bin\Debug\EF_ZMTdbConnection.dll" />
      <DeploymentItem filename="C:\Users\Admin\Documents\Visual Studio 2010\Projects\ZMTFixedAssets\EF_ZMTdbEntities\bin\Debug\EF_ZMT_DbContext.dll" />
      <DeploymentItem filename="C:\Users\Admin\Documents\Visual Studio 2010\Projects\EF_ZMTdbConnection\EF_ZMTdbEntities\bin\Debug\EF_ZMTdbEntities.dll" />
      <DeploymentItem filename="C:\Users\Admin\documents\visual studio 2010\Projects\ZMTFixedAssetsService\ZMTFixedAssetsService\bin\Debug\ZMTFixedAssetsService.dll" />
      <DeploymentItem filename="C:\Users\Admin\Documents\Visual Studio 2010\Projects\FixedAssetsTransaction\FixedAssetsTransaction\bin\Debug\FixedAssetsTransactions.dll" />
      <DeploymentItem filename="C:\Users\Admin\Documents\Visual Studio 2010\Projects\FixedAssets\FixedAssets\bin\Debug\FixedAssets.dll" />
    </Deployment>
    <Execution>
      <TestTypeSpecific />
      <AgentRule name="Execution Agents">
      </AgentRule>
    </Execution>
  </TestSettings>
  <Times creation="2012-06-04T21:16:17.8283345+02:00" queuing="2012-06-04T21:16:17.9133394+02:00" start="2012-06-04T21:16:17.9523416+02:00" finish="2012-06-04T21:16:19.0804061+02:00" />
  <ResultSummary outcome="Failed">
    <Counters total="1" executed="1" error="0" failed="1" timeout="0" aborted="0" inconclusive="0" passedButRunAborted="0" notRunnable="0" notExecuted="0" disconnected="0" warning="0" passed="0" completed="0" inProgress="0" pending="0" />
  </ResultSummary>
  <TestDefinitions>
    <UnitTest name="CantAddSubgroup" storage="c:\users\admin\documents\visual studio 2010\projects\zmtfixedassetsservice\transactionstests\bin\debug\transactionstests.dll" id="310c3470-9f41-42f1-96ba-fd2be8d74117">
      <Execution id="29696c00-5c61-4853-8169-a65afa935d1f" />
      <TestMethod codeBase="C:/Users/Admin/Documents/Visual Studio 2010/Projects/ZMTFixedAssetsService/TransactionsTests/bin/Debug/TransactionsTests.DLL" adapterTypeName="Microsoft.VisualStudio.TestTools.TestTypes.Unit.UnitTestAdapter, Microsoft.VisualStudio.QualityTools.Tips.UnitTest.Adapter, Version=10.0.0.0, Culture=neutral, PublicKeyToken=b03f5f7f11d50a3a" className="TransactionsTests.SubgroupTransactionsUnitTests, TransactionsTests, Version=1.0.0.0, Culture=neutral, PublicKeyToken=null" name="CantAddSubgroup" />
    </UnitTest>
  </TestDefinitions>
  <TestLists>
    <TestList name="Results Not in a List" id="8c84fa94-04c1-424b-9868-57a2d4851a1d" />
    <TestList name="All Loaded Results" id="19431567-8539-422a-85d7-44ee4e166bda" />
  </TestLists>
  <TestEntries>
    <TestEntry testId="310c3470-9f41-42f1-96ba-fd2be8d74117" executionId="29696c00-5c61-4853-8169-a65afa935d1f" testListId="8c84fa94-04c1-424b-9868-57a2d4851a1d" />
  </TestEntries>
  <Results>
    <UnitTestResult executionId="29696c00-5c61-4853-8169-a65afa935d1f" testId="310c3470-9f41-42f1-96ba-fd2be8d74117" testName="CantAddSubgroup" computerName="ADMIN-KOMPUTER" duration="00:00:00.5059263" startTime="2012-06-04T21:16:18.0073448+02:00" endTime="2012-06-04T21:16:19.0234029+02:00" testType="13cdc9d9-ddb5-4fa4-a97d-d965ccfc6d4b" outcome="Failed" testListId="8c84fa94-04c1-424b-9868-57a2d4851a1d" relativeResultsDirectory="29696c00-5c61-4853-8169-a65afa935d1f">
      <Output>
        <ErrorInfo>
          <Message>Test method TransactionsTests.SubgroupTransactionsUnitTests.CantAddSubgroup threw exception: 
System.NotImplementedException: The method or operation is not implemented.</Message>
          <StackTrace>    at ZMTFixedAssetsService.Transactions.FixedAssetTransaction.AddSubgroup(Subgroup subgroup) in C:\Users\Admin\documents\visual studio 2010\Projects\ZMTFixedAssetsService\ZMTFixedAssetsService\Transactions\SubgroupTransaction.cs:line 14
   at TransactionsTests.SubgroupTransactionsUnitTests.CantAddSubgroup() in C:\Users\Admin\Documents\Visual Studio 2010\Projects\ZMTFixedAssetsService\TransactionsTests\SubgroupTransactionsUnitTests.cs:line 25
</StackTrace>
        </ErrorInfo>
      </Output>
    </UnitTestResult>
  </Results>
</TestRun>