<?xml version="1.0" encoding="UTF-8"?>
<TestRun id="8a846f7a-38c7-4812-ac92-e4492a31c463" name="Admin@ADMIN-KOMPUTER 2012-06-04 22:01:07" runUser="Admin-Komputer\Admin" xmlns="http://microsoft.com/schemas/VisualStudio/TeamTest/2010">
  <TestSettings name="Local" id="4f9f8b0b-8b33-4150-9c2c-ab389c9f2a2a">
    <Description>These are default test settings for a local test run.</Description>
    <Deployment enabled="false" runDeploymentRoot="Admin_ADMIN-KOMPUTER 2012-06-04 22_01_07">
      <DeploymentItem filename="C:\Users\Admin\Documents\Visual Studio 2010\Projects\ZMTFixedAssets\EF_ZMTdbEntities\bin\Debug\EF_ZMTdbContent.dll" />
      <DeploymentItem filename="C:\Users\Admin\Documents\Visual Studio 2010\Projects\EF_ZMTdbConnection\EF_ZMTdbConnection\bin\Debug\EF_ZMTdbConnection.dll" />
      <DeploymentItem filename="C:\Users\Admin\Documents\Visual Studio 2010\Projects\ZMTFixedAssets\EF_ZMTdbEntities\bin\Debug\EF_ZMT_DbContext.dll" />
      <DeploymentItem filename="C:\Users\Admin\Documents\Visual Studio 2010\Projects\EF_ZMTdbConnection\EF_ZMTdbEntities\bin\Debug\EF_ZMTdbEntities.dll" />
      <DeploymentItem filename="C:\Users\Admin\documents\visual studio 2010\Projects\ZMTFixedAssetsService\ZMTFixedAssetsService\bin\Debug\ZMTFixedAssetsService.dll" />
      <DeploymentItem filename="C:\Users\Admin\Documents\Visual Studio 2010\Projects\FixedAssetsTransaction\FixedAssetsTransaction\bin\Debug\FixedAssetsTransactions.dll" />
      <DeploymentItem filename="C:\Users\Admin\Documents\Visual Studio 2010\Projects\FixedAssets\FixedAssets\bin\Debug\FixedAssets.dll" />
    </Deployment>
    <Execution>
      <TestTypeSpecific />
      <AgentRule name="Execution Agents">
      </AgentRule>
    </Execution>
  </TestSettings>
  <Times creation="2012-06-04T22:01:07.0201475+02:00" queuing="2012-06-04T22:01:07.1281537+02:00" start="2012-06-04T22:01:07.1871571+02:00" finish="2012-06-04T22:01:08.4592298+02:00" />
  <ResultSummary outcome="Completed">
    <Counters total="1" executed="1" passed="1" error="0" failed="0" timeout="0" aborted="0" inconclusive="0" passedButRunAborted="0" notRunnable="0" notExecuted="0" disconnected="0" warning="0" completed="0" inProgress="0" pending="0" />
  </ResultSummary>
  <TestDefinitions>
    <UnitTest name="CanDeleteSubgroup" storage="c:\users\admin\documents\visual studio 2010\projects\zmtfixedassetsservice\transactionstests\bin\debug\transactionstests.dll" id="4f7a11aa-00da-e7de-9526-e714ca0979d4">
      <Execution id="b7775467-e317-4866-b6e7-4ad3ec828362" />
      <TestMethod codeBase="C:/Users/Admin/Documents/Visual Studio 2010/Projects/ZMTFixedAssetsService/TransactionsTests/bin/Debug/TransactionsTests.DLL" adapterTypeName="Microsoft.VisualStudio.TestTools.TestTypes.Unit.UnitTestAdapter, Microsoft.VisualStudio.QualityTools.Tips.UnitTest.Adapter, Version=10.0.0.0, Culture=neutral, PublicKeyToken=b03f5f7f11d50a3a" className="TransactionsTests.SubgroupTransactionsUnitTests, TransactionsTests, Version=1.0.0.0, Culture=neutral, PublicKeyToken=null" name="CanDeleteSubgroup" />
    </UnitTest>
  </TestDefinitions>
  <TestLists>
    <TestList name="Results Not in a List" id="8c84fa94-04c1-424b-9868-57a2d4851a1d" />
    <TestList name="All Loaded Results" id="19431567-8539-422a-85d7-44ee4e166bda" />
  </TestLists>
  <TestEntries>
    <TestEntry testId="4f7a11aa-00da-e7de-9526-e714ca0979d4" executionId="b7775467-e317-4866-b6e7-4ad3ec828362" testListId="8c84fa94-04c1-424b-9868-57a2d4851a1d" />
  </TestEntries>
  <Results>
    <UnitTestResult executionId="b7775467-e317-4866-b6e7-4ad3ec828362" testId="4f7a11aa-00da-e7de-9526-e714ca0979d4" testName="CanDeleteSubgroup" computerName="ADMIN-KOMPUTER" duration="00:00:00.7342952" startTime="2012-06-04T22:01:07.2241592+02:00" endTime="2012-06-04T22:01:08.4132272+02:00" testType="13cdc9d9-ddb5-4fa4-a97d-d965ccfc6d4b" outcome="Passed" testListId="8c84fa94-04c1-424b-9868-57a2d4851a1d" relativeResultsDirectory="b7775467-e317-4866-b6e7-4ad3ec828362">
    </UnitTestResult>
  </Results>
</TestRun>